
ROM used:   2480/8192 (30%)
            2835/8192 (35%) including unused fragments

            0.6 Average locations per line
            4.4 Average locations per statement

RAM used:   33/368 (9%) at main() level
            58/368 (16%) worst case

Stack used: 5 worst case (5 in main + 0 for interrupts)
Stack size: 8

Lines Stmts  %   Files
----- ----- ---  -----
  233   149  26  doan1_1.c
  671     0   0  ..\..\..\..\..\..\Program Files (x86)\PICC\Devices\16F877a.h
  184     0   0  ..\..\..\..\..\..\Program Files (x86)\PICC\Devices\def_16f877a.h
  423   125  22  ..\..\..\..\..\..\Program Files (x86)\PICC\Drivers\string.h
   32     0   0  ..\..\..\..\..\..\Program Files (x86)\PICC\Drivers\stddef.h
   28     0   0  ..\..\..\..\..\..\Program Files (x86)\PICC\Drivers\ctype.h
 2229   257  46  ..\..\..\..\..\..\Program Files (x86)\PICC\Drivers\math.h
   85    32   6  lcd_lib_4bit.c
----- -----
 3885   563 Total

Page ROM  %  RAM   Vol Diff  Functions:
---- --- --- ---   --- ----  ----------
0     63   3   10             @FLT
0     29   1    2             @ITOF
0    117   5   13             @MULFF
 Inline        16             @ADDFF
0    202   8   14             @DIVFF
0     20   1    1             @delay_ms1
0     34   1    0   245  1.4  LCD_Init
0     12   0    1    65  1.2  LCD_PutChar
0     11   0    1    90  1.4  LCD_PutCmd
0     17   1    0    72  1.2  LCD_PulseEnable
0     33   1    1   188  1.6  LCD_SetData
0    527  21    4   389  3.4  Doc_ADC
1    787  32    1  4948  7.4  MAIN
0     10   0    0             @const1030
0     86   3    4             @PSTRINGC7_1006
0     11   0    0             @const1032
0     11   0    0             @const1033
0     10   0    0             @const1034
0     10   0    0             @const1035
0     10   0    0             @const1036
0     10   0    0             @const1037
0     10   0    0             @const1038
0     10   0    0             @const1039
0     87   4    5             @PSTRINGCN7_1006
 Inline         5             @FTOSD
0     79   3   13             @DIV3232
0    224   9   13             @PRINTF_L32D_1006FPFPF
0      2   0    0             @const1050
0     10   0    0             @const1051
0      2   0    0             @const1052
0     11   0    0             @const1053
0     11   0    0             @const1054
0     10   0    0             @const1055
0     10   0    0             @const1056
 Inline         0             @cinit1

Program metrics:
    Functions               7
    Statements              563
    Comments                577
    Volume (V)              7306
    Difficulty (D)          17.2
    Effort to implement (E) 125892
    Time to implement (T)   1 hours, 57 minutes
    Est Delivered Bugs (B)  1
    Cyclomatic Complexity   17
    Maintainability (MI)    113

 Segment     Used  Free
-----------  ----  ----
00000-00003     4  0  
00004-007FF  1689  355  
00800-00FFF   787  1261  
01000-017FF     0  2048  
01800-01FFF     0  2048  



